Reading package lists...
Building dependency tree...
Reading state information...
The following packages were automatically installed and are no longer required:
  cpp-7 enchant fonts-symbola fwupdate gcc-7-base geoclue geoclue-ubuntu-geoip
  gir1.2-accounts-1.0 gir1.2-gdata-0.0 gir1.2-gtksource-3.0 gir1.2-signon-1.0
  guile-2.0-libs iputils-arping libart-2.0-2 libboost-date-time1.65.1
  libboost-filesystem1.65.1 libboost-iostreams1.65.1 libboost-locale1.65.1
  libboost-system1.65.1 libboost-thread1.65.1 libbrlapi0.6 libcamel-1.2-61
  libcdio17 libcgi-fast-perl libcgi-pm-perl libclass-accessor-perl
  libdouble-conversion1 libebook-contacts-1.2-2 libecal-1.2-19
  libedataserver-1.2-23 libenchant1c2a libevent-2.1-6 libexempi3 libexiv2-14
  libfcgi-perl libfile-copy-recursive-perl libgeoclue0 libgnome-desktop-3-17
  libgspell-1-1 libgtksourceview-3.0-1 libgtksourceview-3.0-common
  libgutenprint-common libgutenprint2 libgutenprint9 libgweather-3-15
  libhunspell-1.6-0 libilmbase12 libisl19 libllvm10 liblouis14 liblouisutdml8
  libmagickcore-6.q16-3 libmagickcore-6.q16-3-extra libmagickwand-6.q16-3
  libminiupnpc10 libmng2 libmysqlclient20 libnm-glib4 libnm-gtk0 libnm-util2
  libnss-myhostname liboauth0 libopenexr22 liborcus-0.13-0 libpanel-applet3
  libparse-debianchangelog-perl libperl5.26 libpoppler73 libprotobuf10
  libpython2.7 libpython2.7-minimal libpython2.7-stdlib libpython3.6 libqpdf21
  libraw16 libreoffice-avmedia-backend-gstreamer libreoffice-style-galaxy
  libsane1 libsignon-glib1 libusbmuxd4 libvpx5 libxml-simple-perl libxmlb1
  printer-driver-gutenprint python-talloc python3-asn1crypto python3-bs4
  python3-feedparser python3-html5lib python3-lxml python3-oauth
  python3-soupsieve python3-webencodings python3-zope.interface qpdf qtchooser
  qtcore4-l10n ttf-ancient-fonts-symbola ttf-ubuntu-font-family
  ubuntu-web-launchers unity-lens-music unity-lens-photos unity-lens-video
  unity-scope-calculator unity-scope-chromiumbookmarks
  unity-scope-colourlovers unity-scope-devhelp unity-scope-firefoxbookmarks
  unity-scope-manpages unity-scope-openclipart unity-scope-texdoc
  unity-scope-tomboy unity-scope-video-remote unity-scope-virtualbox
  unity-scope-yelp unity-scope-zotero
Use 'sudo apt autoremove' to remove them.
The following NEW packages will be installed:
  htop
0 upgraded, 1 newly installed, 0 to remove and 4 not upgraded.
Need to get 80.5 kB of archives.
After this operation, 225 kB of additional disk space will be used.
Err:1 http://us.archive.ubuntu.com/ubuntu focal/main amd64 htop amd64 2.2.0-2build1
  Could not resolve 'us.archive.ubuntu.com'
